<ruleset name="Test-IPv6.com">
    <target host="test-ipv6.com" />
    <target host="www.test-ipv6.com" />
    <target host="a.test-ipv6.com" />
    <target host="ams.test-ipv6.com" />
    <target host="arauc.test-ipv6.com" />
    <target host="beta.test-ipv6.com" />
    <target host="ds.beta.test-ipv6.com" />
    <target host="ipv4.beta.test-ipv6.com" />
    <target host="mtu1280.beta.test-ipv6.com" />
    <target host="ds.v6ns.beta.test-ipv6.com" />
    <target host="br.test-ipv6.com" />
    <target host="ch.test-ipv6.com" />
    <target host="comcast.test-ipv6.com" />
    <target host="ds.test-ipv6.com" />
    <target host="*.ds.test-ipv6.com" />
    <target host="files.test-ipv6.com" />
    <target host="gb.test-ipv6.com" />
    <target host="he.test-ipv6.com" />
    <target host="helpdesk.test-ipv6.com" />
    <target host="hk.test-ipv6.com" />
    <target host="i18n.test-ipv6.com" />
    <target host="ipv4.test-ipv6.com" />
    <target host="isp.test-ipv6.com" />
    <target host="jp.test-ipv6.com" />
    <target host="ke.test-ipv6.com" />
    <target host="lookup.test-ipv6.com" />
    <target host="ams.lookup.test-ipv6.com" />
    <target host="ipv4.ams.lookup.test-ipv6.com" />
    <target host="ipv4.lookup.test-ipv6.com" />
    <target host="us.lookup.test-ipv6.com" />
    <target host="ipv4.us.lookup.test-ipv6.com" />
    <target host="master.test-ipv6.com" />
    <target host="ipv4.master.test-ipv6.com" />
    <target host="ds.master.test-ipv6.com" />
    <target host="nl.test-ipv6.com" />
    <target host="ro.test-ipv6.com" />
    <target host="si.test-ipv6.com" />
    <target host="sg.test-ipv6.com" />
    <target host="uk.test-ipv6.com" />
    <target host="ds.v6ns.test-ipv6.com" />
    <target host="vm0.test-ipv6.com" />
    <target host="ds.vm0.test-ipv6.com" />
    <target host="ipv4.vm0.test-ipv6.com" />
    <target host="ds.v6ns.vm0.test-ipv6.com" />
    <target host="vm1.test-ipv6.com" />
    <target host="ds.vm1.test-ipv6.com" />
    <target host="ipv4.vm1.test-ipv6.com" />
    <target host="ds.v6ns.vm1.test-ipv6.com" />
    <target host="vm2.test-ipv6.com" />
    <target host="ds.vm2.test-ipv6.com" />
    <target host="ipv4.vm2.test-ipv6.com" />
    <target host="ds.v6ns.vm2.test-ipv6.com" />
    <target host="wiki.test-ipv6.com" />
    <target host="zw.test-ipv6.com" />

    <securecookie host=".+" name=".+" />

    <rule from="^http:" to="https:" />

	<test url="http://he-ak634t.ds.test-ipv6.com/" />
    <test url="http://he-cv3ofk.ds.test-ipv6.com/" />
    <test url="http://he-he47cw.ds.test-ipv6.com/" />
    <test url="http://he-ntdvx7.ds.test-ipv6.com/" />
    <test url="http://he-pbhmhc.ds.test-ipv6.com/" />
    <test url="http://he-pceg9o.ds.test-ipv6.com/" />
    <test url="http://he-qhnajr.ds.test-ipv6.com/" />
    <test url="http://he-r6ip8r.ds.test-ipv6.com/" />
    <test url="http://he-v6bff9.ds.test-ipv6.com/" />
    <test url="http://he-xg76m0.ds.test-ipv6.com/" />
    <test url="http://he-yph697.ds.test-ipv6.com/" />
    <test url="http://result.ds.test-ipv6.com/" />
</ruleset>
