<!--
	Mirrors:
		https://test-ipv6.com/mirrors.html

	Invalid certificate:
		badsig.dnssec.test-ipv6.cz
		a.test-ipv6.com
		aaaa.test-ipv6.com
		v4.test-ipv6.com
		v6.test-ipv6.com
		www4.test-ipv6.com
		www6.test-ipv6.com
		www.testipv6.de
		a.testipv6.de
		aaaa.testipv6.de
		mtu1280.testipv6.de
		v4.testipv6.de
		v6.testipv6.de
		www4.testipv6.de
		www6.testipv6.de
		test-ipv6.cmd.net.br
		www.test-ipv6.cmd.net.br
		a.test-ipv6.cmd.net.br
		aaaa.test-ipv6.cmd.net.br
		ds.test-ipv6.cmd.net.br
		ipv4.test-ipv6.cmd.net.br
		ipv6.test-ipv6.cmd.net.br
		mtu1280.test-ipv6.cmd.net.br
		v4.test-ipv6.cmd.net.br
		v6.test-ipv6.cmd.net.br
		ds.v6ns.test-ipv6.cmd.net.br
		www4.test-ipv6.cmd.net.br
		www6.test-ipv6.cmd.net.br
		www.ipv6ready.me
		a.ipv6ready.me
		aaaa.ipv6ready.me
		v4.ipv6ready.me
		v6.ipv6ready.me
		www4.ipv6ready.me
		www6.ipv6ready.me
		a.test-ipv6-vm3.comcast.net
		aaaa.test-ipv6-vm3.comcast.net
		ipv6.test-ipv6-vm3.comcast.net
		mtu1280.test-ipv6-vm3.comcast.net
		v4.test-ipv6-vm3.comcast.net
		v6.test-ipv6-vm3.comcast.net
		www4.test-ipv6-vm3.comcast.net
		www6.test-ipv6-vm3.comcast.net
		test-ipv6.nl
		www.test-ipv6.nl
		a.test-ipv6.nl
		aaaa.test-ipv6.nl
		ds.test-ipv6.nl
		ipv4.test-ipv6.nl
		ipv6.test-ipv6.nl
		mtu1280.test-ipv6.nl
		v4.test-ipv6.nl
		v6.test-ipv6.nl
		ds.v6ns.test-ipv6.nl
		www4.test-ipv6.nl
		www6.test-ipv6.nl
		ds.v6ns.test-ipv6.polkam.go.id
		www.test-ipv6.com.au
		a.test-ipv6.com.au
		aaaa.test-ipv6.com.au
		v4.test-ipv6.com.au
		v6.test-ipv6.com.au
		www4.test-ipv6.com.au
		www6.test-ipv6.com.au
		test-ipv6.ernet.in
		www.test-ipv6.ernet.in
		a.test-ipv6.ernet.in
		aaaa.test-ipv6.ernet.in
		ds.test-ipv6.ernet.in
		ipv4.test-ipv6.ernet.in
		ipv6.test-ipv6.ernet.in
		mtu1280.test-ipv6.ernet.in
		v4.test-ipv6.ernet.in
		v6.test-ipv6.ernet.in
		ds.v6ns.test-ipv6.ernet.in
		www4.test-ipv6.ernet.in
		www6.test-ipv6.ernet.in
		a.test-ipv6.ams.vr.org
		aaaa.test-ipv6.ams.vr.org
		ipv6.test-ipv6.ams.vr.org
		mtu1280.test-ipv6.ams.vr.org
		v4.test-ipv6.ams.vr.org
		v6.test-ipv6.ams.vr.org
		www4.test-ipv6.ams.vr.org
		www6.test-ipv6.ams.vr.org
		a.test-ipv6.jp
		aaaa.test-ipv6.jp
		v4.test-ipv6.jp
		v6.test-ipv6.jp
		www4.test-ipv6.jp
		www6.test-ipv6.jp
		www.ipv6-test.pl
		a.ipv6-test.pl
		aaaa.ipv6-test.pl
		mtu1280.ipv6-test.pl
		v4.ipv6-test.pl
		v6.ipv6-test.pl
		www4.ipv6-test.pl
		www6.ipv6-test.pl
		a.test-ipv6-vm4.comcast.net
		aaaa.test-ipv6-vm4.comcast.net
		ipv6.test-ipv6-vm4.comcast.net
		mtu1280.test-ipv6-vm4.comcast.net
		v4.test-ipv6-vm4.comcast.net
		v6.test-ipv6-vm4.comcast.net
		www4.test-ipv6-vm4.comcast.net
		www6.test-ipv6-vm4.comcast.net
		a.test-ipv6.go6.si
		aaaa.test-ipv6.go6.si
		ipv6.test-ipv6.go6.si
		mtu1280.test-ipv6.go6.si
		v4.test-ipv6.go6.si
		v6.test-ipv6.go6.si
		ds.v6ns.test-ipv6.go6.si
		www4.test-ipv6.go6.si
		www6.test-ipv6.go6.si
		a.test-ipv6.hkg.vr.org
		aaaa.test-ipv6.hkg.vr.org
		v4.test-ipv6.hkg.vr.org
		v6.test-ipv6.hkg.vr.org
		www4.test-ipv6.hkg.vr.org
		www6.test-ipv6.hkg.vr.org
		www.test-ipv6.csclub.uwaterloo.ca
		a.test-ipv6.csclub.uwaterloo.ca
		aaaa.test-ipv6.csclub.uwaterloo.ca
		v4.test-ipv6.csclub.uwaterloo.ca
		v6.test-ipv6.csclub.uwaterloo.ca
		www4.test-ipv6.csclub.uwaterloo.ca
		www6.test-ipv6.csclub.uwaterloo.ca
		aaaa.test-ipv6.vyncke.org
		ipv6.test-ipv6.vyncke.org
		mtu1280.test-ipv6.vyncke.org
		v4.test-ipv6.vyncke.org
		v6.test-ipv6.vyncke.org
		www4.test-ipv6.vyncke.org
		www6.test-ipv6.vyncke.org
		www.test-ipv6.carnet.hr
		a.test-ipv6.carnet.hr
		aaaa.test-ipv6.carnet.hr
		ipv6.test-ipv6.carnet.hr
		mtu1280.test-ipv6.carnet.hr
		v4.test-ipv6.carnet.hr
		v6.test-ipv6.carnet.hr
		www4.test-ipv6.carnet.hr
		www6.test-ipv6.carnet.hr
		a.test-ipv6.cl
		aaaa.test-ipv6.cl
		ipv6.test-ipv6.cl
		mtu1280.test-ipv6.cl
		v4.test-ipv6.cl
		v6.test-ipv6.cl
		www4.test-ipv6.cl
		www6.test-ipv6.cl
		a.test-ipv6.zw.liquidtelecom.net
		aaaa.test-ipv6.zw.liquidtelecom.net
		ipv6.test-ipv6.zw.liquidtelecom.net
		v4.test-ipv6.zw.liquidtelecom.net
		v6.test-ipv6.zw.liquidtelecom.net
		www4.test-ipv6.zw.liquidtelecom.net
		www6.test-ipv6.zw.liquidtelecom.net
		a.test-ipv6.si
		aaaa.test-ipv6.si
		v4.test-ipv6.si
		v6.test-ipv6.si
		www4.test-ipv6.si
		www6.test-ipv6.si
		www.test-ipv6.showmyip.ca
		a.test-ipv6.showmyip.ca
		aaaa.test-ipv6.showmyip.ca
		v4.test-ipv6.showmyip.ca
		v6.test-ipv6.showmyip.ca
		www4.test-ipv6.showmyip.ca
		www6.test-ipv6.showmyip.ca
		a.test-ipv6.roedu.net
		aaaa.test-ipv6.roedu.net
		ipv6.test-ipv6.roedu.net
		v4.test-ipv6.roedu.net
		v6.test-ipv6.roedu.net
		www4.test-ipv6.roedu.net
		www6.test-ipv6.roedu.net
		www.test-ipv6.sin.vr.org
		a.test-ipv6.sin.vr.org
		aaaa.test-ipv6.sin.vr.org
		v4.test-ipv6.sin.vr.org
		v6.test-ipv6.sin.vr.org
		www4.test-ipv6.sin.vr.org
		www6.test-ipv6.sin.vr.org
		a.test-ipv6.noroutetohost.net
		aaaa.test-ipv6.noroutetohost.net
		v4.test-ipv6.noroutetohost.net
		v6.test-ipv6.noroutetohost.net
		www4.test-ipv6.noroutetohost.net
		www6.test-ipv6.noroutetohost.net
		a.test-ipv6.epic.network
		aaaa.test-ipv6.epic.network
		v4.test-ipv6.epic.network
		v6.test-ipv6.epic.network
		www4.test-ipv6.epic.network
		www6.test-ipv6.epic.network
		a.test-ipv6.se
		aaaa.test-ipv6.se
		v4.test-ipv6.se
		v6.test-ipv6.se
		www4.test-ipv6.se
		www6.test-ipv6.se
		www.test-ipv6.alpinedc.ch
		a.test-ipv6.alpinedc.ch
		aaaa.test-ipv6.alpinedc.ch
		v4.test-ipv6.alpinedc.ch
		v6.test-ipv6.alpinedc.ch
		www4.test-ipv6.alpinedc.ch
		www6.test-ipv6.alpinedc.ch
		a.test-ipv6.arauc.br
		aaaa.test-ipv6.arauc.br
		v4.test-ipv6.arauc.br
		v6.test-ipv6.arauc.br
		www4.test-ipv6.arauc.br
		www6.test-ipv6.arauc.br
		a.test-ipv6.ke.liquidtelecom.net
		aaaa.test-ipv6.ke.liquidtelecom.net
		v4.test-ipv6.ke.liquidtelecom.net
		v6.test-ipv6.ke.liquidtelecom.net
		www4.test-ipv6.ke.liquidtelecom.net
		www6.test-ipv6.ke.liquidtelecom.net
		www.test-ipv6.fratec.net
		a.test-ipv6.fratec.net
		aaaa.test-ipv6.fratec.net
		v4.test-ipv6.fratec.net
		v6.test-ipv6.fratec.net
		www4.test-ipv6.fratec.net
		www6.test-ipv6.fratec.net
-->
<ruleset name="Test-IPv6">

	<target host="test-ipv6.com" />
	<target host="www.test-ipv6.com" />
	<target host="ds.test-ipv6.com" />
	<target host="ipv4.test-ipv6.com" />
	<target host="ipv6.test-ipv6.com" />
	<target host="mtu1280.test-ipv6.com" />
	<target host="ds.v6ns.test-ipv6.com" />

	<target host="test-ipv6.cz" />
	<target host="www.test-ipv6.cz" />
	<target host="a.test-ipv6.cz" />
	<target host="aaaa.test-ipv6.cz" />
	<target host="ds.test-ipv6.cz" />
	<target host="ipv4.test-ipv6.cz" />
	<target host="ipv6.test-ipv6.cz" />
	<target host="mtu1280.test-ipv6.cz" />
	<target host="v4.test-ipv6.cz" />
	<target host="v6.test-ipv6.cz" />
	<target host="ds.v6ns.test-ipv6.cz" />
	<target host="www4.test-ipv6.cz" />
	<target host="www6.test-ipv6.cz" />

	<target host="testipv6.de" />
	<target host="ds.testipv6.de" />
	<target host="ipv4.testipv6.de" />
	<target host="ipv6.testipv6.de" />
	<target host="ds.v6ns.testipv6.de" />

	<target host="ipv6ready.me" />
	<target host="ds.ipv6ready.me" />
	<target host="ipv4.ipv6ready.me" />
	<target host="ipv6.ipv6ready.me" />
	<target host="mtu1280.ipv6ready.me" />
	<target host="ds.v6ns.ipv6ready.me" />

	<target host="test-ipv6-vm3.comcast.net" />
	<target host="www.test-ipv6-vm3.comcast.net" />
	<target host="ds.test-ipv6-vm3.comcast.net" />
	<target host="ipv4.test-ipv6-vm3.comcast.net" />
	<target host="ds.v6ns.test-ipv6-vm3.comcast.net" />

	<target host="test-ipv6.polkam.go.id" />
	<target host="www.test-ipv6.polkam.go.id" />
	<target host="a.test-ipv6.polkam.go.id" />
	<target host="aaaa.test-ipv6.polkam.go.id" />
	<target host="ipv4.test-ipv6.polkam.go.id" />
	<target host="ipv6.test-ipv6.polkam.go.id" />
	<target host="mtu1280.test-ipv6.polkam.go.id" />
	<target host="v4.test-ipv6.polkam.go.id" />
	<target host="v6.test-ipv6.polkam.go.id" />
	<target host="www4.test-ipv6.polkam.go.id" />
	<target host="www6.test-ipv6.polkam.go.id" />

	<target host="test-ipv6.com.au" />
	<target host="ds.test-ipv6.com.au" />
	<target host="ipv4.test-ipv6.com.au" />
	<target host="ipv6.test-ipv6.com.au" />
	<target host="mtu1280.test-ipv6.com.au" />
	<target host="ds.v6ns.test-ipv6.com.au" />

	<target host="test-ipv6.ams.vr.org" />
	<target host="www.test-ipv6.ams.vr.org" />
	<target host="ds.test-ipv6.ams.vr.org" />
	<target host="ipv4.test-ipv6.ams.vr.org" />
	<target host="ds.v6ns.test-ipv6.ams.vr.org" />

	<target host="test-ipv6.jp" />
	<target host="www.test-ipv6.jp" />
	<target host="ds.test-ipv6.jp" />
	<target host="ipv4.test-ipv6.jp" />
	<target host="ipv6.test-ipv6.jp" />
	<target host="mtu1280.test-ipv6.jp" />
	<target host="ds.v6ns.test-ipv6.jp" />

	<target host="ipv6-test.pl" />
	<target host="ds.ipv6-test.pl" />
	<target host="ipv4.ipv6-test.pl" />
	<target host="ipv6.ipv6-test.pl" />
	<target host="ds.v6ns.ipv6-test.pl" />

	<target host="test-ipv6-vm4.comcast.net" />
	<target host="www.test-ipv6-vm4.comcast.net" />
	<target host="ds.test-ipv6-vm4.comcast.net" />
	<target host="ipv4.test-ipv6-vm4.comcast.net" />
	<target host="ds.v6ns.test-ipv6-vm4.comcast.net" />

	<target host="test-ipv6.go6.si" />
	<target host="www.test-ipv6.go6.si" />
	<target host="ds.test-ipv6.go6.si" />
	<target host="ipv4.test-ipv6.go6.si" />

	<target host="test-ipv6.hkg.vr.org" />
	<target host="www.test-ipv6.hkg.vr.org" />
	<target host="ds.test-ipv6.hkg.vr.org" />
	<target host="ipv4.test-ipv6.hkg.vr.org" />
	<target host="ipv6.test-ipv6.hkg.vr.org" />
	<target host="mtu1280.test-ipv6.hkg.vr.org" />
	<target host="ds.v6ns.test-ipv6.hkg.vr.org" />

	<target host="test-ipv6.csclub.uwaterloo.ca" />
	<target host="ds.test-ipv6.csclub.uwaterloo.ca" />
	<target host="ipv4.test-ipv6.csclub.uwaterloo.ca" />
	<target host="ipv6.test-ipv6.csclub.uwaterloo.ca" />
	<target host="mtu1280.test-ipv6.csclub.uwaterloo.ca" />
	<target host="ds.v6ns.test-ipv6.csclub.uwaterloo.ca" />

	<target host="test-ipv6.vyncke.org" />
	<target host="www.test-ipv6.vyncke.org" />
	<target host="a.test-ipv6.vyncke.org" />
	<target host="ds.test-ipv6.vyncke.org" />
	<target host="ipv4.test-ipv6.vyncke.org" />
	<target host="ds.v6ns.test-ipv6.vyncke.org" />

	<target host="test-ipv6.carnet.hr" />
	<target host="ds.test-ipv6.carnet.hr" />
	<target host="ipv4.test-ipv6.carnet.hr" />
	<target host="ds.v6ns.test-ipv6.carnet.hr" />

	<target host="test-ipv6.cl" />
	<target host="www.test-ipv6.cl" />
	<target host="ds.test-ipv6.cl" />
	<target host="ipv4.test-ipv6.cl" />
	<target host="ds.v6ns.test-ipv6.cl" />

	<target host="test-ipv6.zw.liquidtelecom.net" />
	<target host="www.test-ipv6.zw.liquidtelecom.net" />
	<target host="ds.test-ipv6.zw.liquidtelecom.net" />
	<target host="ipv4.test-ipv6.zw.liquidtelecom.net" />
	<target host="mtu1280.test-ipv6.zw.liquidtelecom.net" />
	<target host="ds.v6ns.test-ipv6.zw.liquidtelecom.net" />

	<target host="test-ipv6.si" />
	<target host="www.test-ipv6.si" />
	<target host="ds.test-ipv6.si" />
	<target host="ipv4.test-ipv6.si" />
	<target host="ipv6.test-ipv6.si" />
	<target host="mtu1280.test-ipv6.si" />
	<target host="ds.v6ns.test-ipv6.si" />

	<target host="test-ipv6.showmyip.ca" />
	<target host="ds.test-ipv6.showmyip.ca" />
	<target host="ipv4.test-ipv6.showmyip.ca" />
	<target host="ipv6.test-ipv6.showmyip.ca" />
	<target host="mtu1280.test-ipv6.showmyip.ca" />
	<target host="ds.v6ns.test-ipv6.showmyip.ca" />

	<target host="test-ipv6.roedu.net" />
	<target host="www.test-ipv6.roedu.net" />
	<target host="ds.test-ipv6.roedu.net" />
	<target host="ipv4.test-ipv6.roedu.net" />
	<target host="mtu1280.test-ipv6.roedu.net" />
	<target host="ds.v6ns.test-ipv6.roedu.net" />

	<target host="test-ipv6.sin.vr.org" />
	<target host="ds.test-ipv6.sin.vr.org" />
	<target host="ipv4.test-ipv6.sin.vr.org" />
	<target host="ipv6.test-ipv6.sin.vr.org" />
	<target host="mtu1280.test-ipv6.sin.vr.org" />
	<target host="ds.v6ns.test-ipv6.sin.vr.org" />

	<target host="test-ipv6.noroutetohost.net" />
	<target host="www.test-ipv6.noroutetohost.net" />
	<target host="ds.test-ipv6.noroutetohost.net" />
	<target host="ipv4.test-ipv6.noroutetohost.net" />
	<target host="ipv6.test-ipv6.noroutetohost.net" />
	<target host="mtu1280.test-ipv6.noroutetohost.net" />
	<target host="ds.v6ns.test-ipv6.noroutetohost.net" />

	<target host="test-ipv6.epic.network" />
	<target host="www.test-ipv6.epic.network" />
	<target host="ds.test-ipv6.epic.network" />
	<target host="ipv4.test-ipv6.epic.network" />
	<target host="ipv6.test-ipv6.epic.network" />
	<target host="mtu1280.test-ipv6.epic.network" />
	<target host="ds.v6ns.test-ipv6.epic.network" />

	<target host="test-ipv6.se" />
	<target host="www.test-ipv6.se" />
	<target host="ds.test-ipv6.se" />
	<target host="ipv4.test-ipv6.se" />
	<target host="ipv6.test-ipv6.se" />
	<target host="mtu1280.test-ipv6.se" />
	<target host="ds.v6ns.test-ipv6.se" />

	<target host="test-ipv6.alpinedc.ch" />
	<target host="ds.test-ipv6.alpinedc.ch" />
	<target host="ipv4.test-ipv6.alpinedc.ch" />
	<target host="ipv6.test-ipv6.alpinedc.ch" />
	<target host="mtu1280.test-ipv6.alpinedc.ch" />
	<target host="ds.v6ns.test-ipv6.alpinedc.ch" />

	<target host="test-ipv6.arauc.br" />
	<target host="www.test-ipv6.arauc.br" />
	<target host="ds.test-ipv6.arauc.br" />
	<target host="ipv4.test-ipv6.arauc.br" />
	<target host="ipv6.test-ipv6.arauc.br" />
	<target host="mtu1280.test-ipv6.arauc.br" />
	<target host="ds.v6ns.test-ipv6.arauc.br" />

	<target host="test-ipv6.ke.liquidtelecom.net" />
	<target host="www.test-ipv6.ke.liquidtelecom.net" />
	<target host="ds.test-ipv6.ke.liquidtelecom.net" />
	<target host="ipv4.test-ipv6.ke.liquidtelecom.net" />
	<target host="ipv6.test-ipv6.ke.liquidtelecom.net" />
	<target host="mtu1280.test-ipv6.ke.liquidtelecom.net" />
	<target host="ds.v6ns.test-ipv6.ke.liquidtelecom.net" />

	<target host="test-ipv6.fratec.net" />
	<target host="ds.test-ipv6.fratec.net" />
	<target host="ipv4.test-ipv6.fratec.net" />
	<target host="ipv6.test-ipv6.fratec.net" />
	<target host="mtu1280.test-ipv6.fratec.net" />
	<target host="ds.v6ns.test-ipv6.fratec.net" />

	<securecookie host=".+" name=".+" />

	<rule from="^http:" to="https:" />
</ruleset>
