<!--
	Invalid certificate:
		test-smoke.org
		www.test-smoke.org
		diane.test-smoke.org
		mail.test-smoke.org
		w3.test-smoke.org

	Non-2xx HTTP code:
		jenkins.test-smoke.org

	Time out:
		fido.test-smoke.org
		fidovcs.test-smoke.org
		fidobackend.test-smoke.org
-->
<ruleset name="test-smoke.org">
	<target host="keizum.test-smoke.org" />
	<target host="perl5.test-smoke.org" />
	<target host="source.test-smoke.org" />

	<rule from="^http:" to="https:" />
</ruleset>
