<!--
	Mirrors:
		https://test-ipv6.com/mirrors.html

	Invalid certificate:
		badsig.dnssec.test-ipv6.cz
        www.test-ipv6.csclub.uwaterloo.ca
-->
<ruleset name="Test-IPv6">

	<target host="test-ipv6.com" />
	<target host="www.test-ipv6.com" />
	<target host="a.test-ipv6.com" />
	<target host="aaaa.test-ipv6.com" />
	<target host="ds.test-ipv6.com" />
	<target host="ipv4.test-ipv6.com" />
	<target host="ipv6.test-ipv6.com" />
	<target host="mtu1280.test-ipv6.com" />
	<target host="v4.test-ipv6.com" />
	<target host="v6.test-ipv6.com" />
	<target host="ds.v6ns.test-ipv6.com" />
	<target host="www4.test-ipv6.com" />
	<target host="www6.test-ipv6.com" />

	<target host="test-ipv6.cz" />
	<target host="www.test-ipv6.cz" />
	<target host="a.test-ipv6.cz" />
	<target host="aaaa.test-ipv6.cz" />
	<target host="ds.test-ipv6.cz" />
	<target host="ipv4.test-ipv6.cz" />
	<target host="ipv6.test-ipv6.cz" />
	<target host="mtu1280.test-ipv6.cz" />
	<target host="v4.test-ipv6.cz" />
	<target host="v6.test-ipv6.cz" />
	<target host="ds.v6ns.test-ipv6.cz" />
	<target host="www4.test-ipv6.cz" />
	<target host="www6.test-ipv6.cz" />
	<target host="testipv6.de" />
	<target host="www.testipv6.de" />
	<target host="a.testipv6.de" />
	<target host="aaaa.testipv6.de" />
	<target host="ds.testipv6.de" />
	<target host="ipv4.testipv6.de" />
	<target host="ipv6.testipv6.de" />
	<target host="mtu1280.testipv6.de" />
	<target host="v4.testipv6.de" />
	<target host="v6.testipv6.de" />
	<target host="ds.v6ns.testipv6.de" />
	<target host="www4.testipv6.de" />
	<target host="www6.testipv6.de" />


	<target host="test-ipv6.cmd.net.br" />
	<target host="www.test-ipv6.cmd.net.br" />
	<target host="a.test-ipv6.cmd.net.br" />
	<target host="aaaa.test-ipv6.cmd.net.br" />
	<target host="ds.test-ipv6.cmd.net.br" />
	<target host="ipv4.test-ipv6.cmd.net.br" />
	<target host="ipv6.test-ipv6.cmd.net.br" />
	<target host="mtu1280.test-ipv6.cmd.net.br" />
	<target host="v4.test-ipv6.cmd.net.br" />
	<target host="v6.test-ipv6.cmd.net.br" />
	<target host="ds.v6ns.test-ipv6.cmd.net.br" />
	<target host="www4.test-ipv6.cmd.net.br" />
	<target host="www6.test-ipv6.cmd.net.br" />

	<target host="ipv6ready.me" />
	<target host="www.ipv6ready.me" />
	<target host="a.ipv6ready.me" />
	<target host="aaaa.ipv6ready.me" />
	<target host="ds.ipv6ready.me" />
	<target host="ipv4.ipv6ready.me" />
	<target host="ipv6.ipv6ready.me" />
	<target host="mtu1280.ipv6ready.me" />
	<target host="v4.ipv6ready.me" />
	<target host="v6.ipv6ready.me" />
	<target host="ds.v6ns.ipv6ready.me" />
	<target host="www4.ipv6ready.me" />
	<target host="www6.ipv6ready.me" />

	<target host="test-ipv6-vm3.comcast.net" />
	<target host="www.test-ipv6-vm3.comcast.net" />
	<target host="a.test-ipv6-vm3.comcast.net" />
	<target host="aaaa.test-ipv6-vm3.comcast.net" />
	<target host="ds.test-ipv6-vm3.comcast.net" />
	<target host="ipv4.test-ipv6-vm3.comcast.net" />
	<target host="ipv6.test-ipv6-vm3.comcast.net" />
	<target host="mtu1280.test-ipv6-vm3.comcast.net" />
	<target host="v4.test-ipv6-vm3.comcast.net" />
	<target host="v6.test-ipv6-vm3.comcast.net" />
	<target host="ds.v6ns.test-ipv6-vm3.comcast.net" />
	<target host="www4.test-ipv6-vm3.comcast.net" />
	<target host="www6.test-ipv6-vm3.comcast.net" />

	<target host="test-ipv6.nl" />
	<target host="www.test-ipv6.nl" />
	<target host="a.test-ipv6.nl" />
	<target host="aaaa.test-ipv6.nl" />
	<target host="ds.test-ipv6.nl" />
	<target host="ipv4.test-ipv6.nl" />
	<target host="ipv6.test-ipv6.nl" />
	<target host="mtu1280.test-ipv6.nl" />
	<target host="v4.test-ipv6.nl" />
	<target host="v6.test-ipv6.nl" />
	<target host="ds.v6ns.test-ipv6.nl" />
	<target host="www4.test-ipv6.nl" />
	<target host="www6.test-ipv6.nl" />

	<target host="test-ipv6.polkam.go.id" />
	<target host="www.test-ipv6.polkam.go.id" />
	<target host="a.test-ipv6.polkam.go.id" />
	<target host="aaaa.test-ipv6.polkam.go.id" />
	<target host="ds.test-ipv6.polkam.go.id" />
	<target host="ipv4.test-ipv6.polkam.go.id" />
	<target host="ipv6.test-ipv6.polkam.go.id" />
	<target host="mtu1280.test-ipv6.polkam.go.id" />
	<target host="v4.test-ipv6.polkam.go.id" />
	<target host="v6.test-ipv6.polkam.go.id" />
	<target host="ds.v6ns.test-ipv6.polkam.go.id" />
	<target host="www4.test-ipv6.polkam.go.id" />
	<target host="www6.test-ipv6.polkam.go.id" />

	<target host="test-ipv6.com.au" />
	<target host="www.test-ipv6.com.au" />
	<target host="a.test-ipv6.com.au" />
	<target host="aaaa.test-ipv6.com.au" />
	<target host="ds.test-ipv6.com.au" />
	<target host="ipv4.test-ipv6.com.au" />
	<target host="ipv6.test-ipv6.com.au" />
	<target host="mtu1280.test-ipv6.com.au" />
	<target host="v4.test-ipv6.com.au" />
	<target host="v6.test-ipv6.com.au" />
	<target host="ds.v6ns.test-ipv6.com.au" />
	<target host="www4.test-ipv6.com.au" />
	<target host="www6.test-ipv6.com.au" />

	<target host="test-ipv6.ernet.in" />
	<target host="www.test-ipv6.ernet.in" />
	<target host="a.test-ipv6.ernet.in" />
	<target host="aaaa.test-ipv6.ernet.in" />
	<target host="ds.test-ipv6.ernet.in" />
	<target host="ipv4.test-ipv6.ernet.in" />
	<target host="ipv6.test-ipv6.ernet.in" />
	<target host="mtu1280.test-ipv6.ernet.in" />
	<target host="v4.test-ipv6.ernet.in" />
	<target host="v6.test-ipv6.ernet.in" />
	<target host="ds.v6ns.test-ipv6.ernet.in" />
	<target host="www4.test-ipv6.ernet.in" />
	<target host="www6.test-ipv6.ernet.in" />

	<target host="test-ipv6.ams.vr.org" />
	<target host="www.test-ipv6.ams.vr.org" />
	<target host="a.test-ipv6.ams.vr.org" />
	<target host="aaaa.test-ipv6.ams.vr.org" />
	<target host="ds.test-ipv6.ams.vr.org" />
	<target host="ipv4.test-ipv6.ams.vr.org" />
	<target host="ipv6.test-ipv6.ams.vr.org" />
	<target host="mtu1280.test-ipv6.ams.vr.org" />
	<target host="v4.test-ipv6.ams.vr.org" />
	<target host="v6.test-ipv6.ams.vr.org" />
	<target host="ds.v6ns.test-ipv6.ams.vr.org" />
	<target host="www4.test-ipv6.ams.vr.org" />
	<target host="www6.test-ipv6.ams.vr.org" />

	<target host="test-ipv6.jp" />
	<target host="www.test-ipv6.jp" />
	<target host="a.test-ipv6.jp" />
	<target host="aaaa.test-ipv6.jp" />
	<target host="ds.test-ipv6.jp" />
	<target host="ipv4.test-ipv6.jp" />
	<target host="ipv6.test-ipv6.jp" />
	<target host="mtu1280.test-ipv6.jp" />
	<target host="v4.test-ipv6.jp" />
	<target host="v6.test-ipv6.jp" />
	<target host="ds.v6ns.test-ipv6.jp" />
	<target host="www4.test-ipv6.jp" />
	<target host="www6.test-ipv6.jp" />

	<target host="ipv6-test.pl" />
	<target host="www.ipv6-test.pl" />
	<target host="a.ipv6-test.pl" />
	<target host="aaaa.ipv6-test.pl" />
	<target host="ds.ipv6-test.pl" />
	<target host="ipv4.ipv6-test.pl" />
	<target host="ipv6.ipv6-test.pl" />
	<target host="mtu1280.ipv6-test.pl" />
	<target host="v4.ipv6-test.pl" />
	<target host="v6.ipv6-test.pl" />
	<target host="ds.v6ns.ipv6-test.pl" />
	<target host="www4.ipv6-test.pl" />
	<target host="www6.ipv6-test.pl" />

	<target host="test-ipv6-vm4.comcast.net" />
	<target host="www.test-ipv6-vm4.comcast.net" />
	<target host="a.test-ipv6-vm4.comcast.net" />
	<target host="aaaa.test-ipv6-vm4.comcast.net" />
	<target host="ds.test-ipv6-vm4.comcast.net" />
	<target host="ipv4.test-ipv6-vm4.comcast.net" />
	<target host="ipv6.test-ipv6-vm4.comcast.net" />
	<target host="mtu1280.test-ipv6-vm4.comcast.net" />
	<target host="v4.test-ipv6-vm4.comcast.net" />
	<target host="v6.test-ipv6-vm4.comcast.net" />
	<target host="ds.v6ns.test-ipv6-vm4.comcast.net" />
	<target host="www4.test-ipv6-vm4.comcast.net" />
	<target host="www6.test-ipv6-vm4.comcast.net" />

	<target host="test-ipv6.go6.si" />
	<target host="www.test-ipv6.go6.si" />
	<target host="a.test-ipv6.go6.si" />
	<target host="aaaa.test-ipv6.go6.si" />
	<target host="ds.test-ipv6.go6.si" />
	<target host="ipv4.test-ipv6.go6.si" />
	<target host="ipv6.test-ipv6.go6.si" />
	<target host="mtu1280.test-ipv6.go6.si" />
	<target host="v4.test-ipv6.go6.si" />
	<target host="v6.test-ipv6.go6.si" />
	<target host="ds.v6ns.test-ipv6.go6.si" />
	<target host="www4.test-ipv6.go6.si" />
	<target host="www6.test-ipv6.go6.si" />

	<target host="test-ipv6.hkg.vr.org" />
	<target host="www.test-ipv6.hkg.vr.org" />
	<target host="a.test-ipv6.hkg.vr.org" />
	<target host="aaaa.test-ipv6.hkg.vr.org" />
	<target host="ds.test-ipv6.hkg.vr.org" />
	<target host="ipv4.test-ipv6.hkg.vr.org" />
	<target host="ipv6.test-ipv6.hkg.vr.org" />
	<target host="mtu1280.test-ipv6.hkg.vr.org" />
	<target host="v4.test-ipv6.hkg.vr.org" />
	<target host="v6.test-ipv6.hkg.vr.org" />
	<target host="ds.v6ns.test-ipv6.hkg.vr.org" />
	<target host="www4.test-ipv6.hkg.vr.org" />
	<target host="www6.test-ipv6.hkg.vr.org" />

	<target host="test-ipv6.csclub.uwaterloo.ca" />
	<target host="a.test-ipv6.csclub.uwaterloo.ca" />
	<target host="aaaa.test-ipv6.csclub.uwaterloo.ca" />
	<target host="ds.test-ipv6.csclub.uwaterloo.ca" />
	<target host="ipv4.test-ipv6.csclub.uwaterloo.ca" />
	<target host="ipv6.test-ipv6.csclub.uwaterloo.ca" />
	<target host="mtu1280.test-ipv6.csclub.uwaterloo.ca" />
	<target host="v4.test-ipv6.csclub.uwaterloo.ca" />
	<target host="v6.test-ipv6.csclub.uwaterloo.ca" />
	<target host="ds.v6ns.test-ipv6.csclub.uwaterloo.ca" />
	<target host="www4.test-ipv6.csclub.uwaterloo.ca" />
	<target host="www6.test-ipv6.csclub.uwaterloo.ca" />

	<target host="test-ipv6.vyncke.org" />
	<target host="www.test-ipv6.vyncke.org" />
	<target host="a.test-ipv6.vyncke.org" />
	<target host="aaaa.test-ipv6.vyncke.org" />
	<target host="ds.test-ipv6.vyncke.org" />
	<target host="ipv4.test-ipv6.vyncke.org" />
	<target host="ipv6.test-ipv6.vyncke.org" />
	<target host="mtu1280.test-ipv6.vyncke.org" />
	<target host="v4.test-ipv6.vyncke.org" />
	<target host="v6.test-ipv6.vyncke.org" />
	<target host="ds.v6ns.test-ipv6.vyncke.org" />
	<target host="www4.test-ipv6.vyncke.org" />
	<target host="www6.test-ipv6.vyncke.org" />

	<target host="test-ipv6.carnet.hr" />
	<target host="www.test-ipv6.carnet.hr" />
	<target host="a.test-ipv6.carnet.hr" />
	<target host="aaaa.test-ipv6.carnet.hr" />
	<target host="ds.test-ipv6.carnet.hr" />
	<target host="ipv4.test-ipv6.carnet.hr" />
	<target host="ipv6.test-ipv6.carnet.hr" />
	<target host="mtu1280.test-ipv6.carnet.hr" />
	<target host="v4.test-ipv6.carnet.hr" />
	<target host="v6.test-ipv6.carnet.hr" />
	<target host="ds.v6ns.test-ipv6.carnet.hr" />
	<target host="www4.test-ipv6.carnet.hr" />
	<target host="www6.test-ipv6.carnet.hr" />

	<target host="test-ipv6.cl" />
	<target host="www.test-ipv6.cl" />
	<target host="a.test-ipv6.cl" />
	<target host="aaaa.test-ipv6.cl" />
	<target host="ds.test-ipv6.cl" />
	<target host="ipv4.test-ipv6.cl" />
	<target host="ipv6.test-ipv6.cl" />
	<target host="mtu1280.test-ipv6.cl" />
	<target host="v4.test-ipv6.cl" />
	<target host="v6.test-ipv6.cl" />
	<target host="ds.v6ns.test-ipv6.cl" />
	<target host="www4.test-ipv6.cl" />
	<target host="www6.test-ipv6.cl" />

	<target host="test-ipv6.zw.liquidtelecom.net" />
	<target host="www.test-ipv6.zw.liquidtelecom.net" />
	<target host="a.test-ipv6.zw.liquidtelecom.net" />
	<target host="aaaa.test-ipv6.zw.liquidtelecom.net" />
	<target host="ds.test-ipv6.zw.liquidtelecom.net" />
	<target host="ipv4.test-ipv6.zw.liquidtelecom.net" />
	<target host="ipv6.test-ipv6.zw.liquidtelecom.net" />
	<target host="mtu1280.test-ipv6.zw.liquidtelecom.net" />
	<target host="v4.test-ipv6.zw.liquidtelecom.net" />
	<target host="v6.test-ipv6.zw.liquidtelecom.net" />
	<target host="ds.v6ns.test-ipv6.zw.liquidtelecom.net" />
	<target host="www4.test-ipv6.zw.liquidtelecom.net" />
	<target host="www6.test-ipv6.zw.liquidtelecom.net" />

	<target host="test-ipv6.si" />
	<target host="www.test-ipv6.si" />
	<target host="a.test-ipv6.si" />
	<target host="aaaa.test-ipv6.si" />
	<target host="ds.test-ipv6.si" />
	<target host="ipv4.test-ipv6.si" />
	<target host="ipv6.test-ipv6.si" />
	<target host="mtu1280.test-ipv6.si" />
	<target host="v4.test-ipv6.si" />
	<target host="v6.test-ipv6.si" />
	<target host="ds.v6ns.test-ipv6.si" />
	<target host="www4.test-ipv6.si" />
	<target host="www6.test-ipv6.si" />

	<target host="test-ipv6.showmyip.ca" />
	<target host="www.test-ipv6.showmyip.ca" />
	<target host="a.test-ipv6.showmyip.ca" />
	<target host="aaaa.test-ipv6.showmyip.ca" />
	<target host="ds.test-ipv6.showmyip.ca" />
	<target host="ipv4.test-ipv6.showmyip.ca" />
	<target host="ipv6.test-ipv6.showmyip.ca" />
	<target host="mtu1280.test-ipv6.showmyip.ca" />
	<target host="v4.test-ipv6.showmyip.ca" />
	<target host="v6.test-ipv6.showmyip.ca" />
	<target host="ds.v6ns.test-ipv6.showmyip.ca" />
	<target host="www4.test-ipv6.showmyip.ca" />
	<target host="www6.test-ipv6.showmyip.ca" />

	<target host="test-ipv6.roedu.net" />
	<target host="www.test-ipv6.roedu.net" />
	<target host="a.test-ipv6.roedu.net" />
	<target host="aaaa.test-ipv6.roedu.net" />
	<target host="ds.test-ipv6.roedu.net" />
	<target host="ipv4.test-ipv6.roedu.net" />
	<target host="ipv6.test-ipv6.roedu.net" />
	<target host="mtu1280.test-ipv6.roedu.net" />
	<target host="v4.test-ipv6.roedu.net" />
	<target host="v6.test-ipv6.roedu.net" />
	<target host="ds.v6ns.test-ipv6.roedu.net" />
	<target host="www4.test-ipv6.roedu.net" />
	<target host="www6.test-ipv6.roedu.net" />

	<target host="test-ipv6.sin.vr.org" />
	<target host="www.test-ipv6.sin.vr.org" />
	<target host="a.test-ipv6.sin.vr.org" />
	<target host="aaaa.test-ipv6.sin.vr.org" />
	<target host="ds.test-ipv6.sin.vr.org" />
	<target host="ipv4.test-ipv6.sin.vr.org" />
	<target host="ipv6.test-ipv6.sin.vr.org" />
	<target host="mtu1280.test-ipv6.sin.vr.org" />
	<target host="v4.test-ipv6.sin.vr.org" />
	<target host="v6.test-ipv6.sin.vr.org" />
	<target host="ds.v6ns.test-ipv6.sin.vr.org" />
	<target host="www4.test-ipv6.sin.vr.org" />
	<target host="www6.test-ipv6.sin.vr.org" />

	<target host="test-ipv6.noroutetohost.net" />
	<target host="www.test-ipv6.noroutetohost.net" />
	<target host="a.test-ipv6.noroutetohost.net" />
	<target host="aaaa.test-ipv6.noroutetohost.net" />
	<target host="ds.test-ipv6.noroutetohost.net" />
	<target host="ipv4.test-ipv6.noroutetohost.net" />
	<target host="ipv6.test-ipv6.noroutetohost.net" />
	<target host="mtu1280.test-ipv6.noroutetohost.net" />
	<target host="v4.test-ipv6.noroutetohost.net" />
	<target host="v6.test-ipv6.noroutetohost.net" />
	<target host="ds.v6ns.test-ipv6.noroutetohost.net" />
	<target host="www4.test-ipv6.noroutetohost.net" />
	<target host="www6.test-ipv6.noroutetohost.net" />

	<target host="test-ipv6.epic.network" />
	<target host="www.test-ipv6.epic.network" />
	<target host="a.test-ipv6.epic.network" />
	<target host="aaaa.test-ipv6.epic.network" />
	<target host="ds.test-ipv6.epic.network" />
	<target host="ipv4.test-ipv6.epic.network" />
	<target host="ipv6.test-ipv6.epic.network" />
	<target host="mtu1280.test-ipv6.epic.network" />
	<target host="v4.test-ipv6.epic.network" />
	<target host="v6.test-ipv6.epic.network" />
	<target host="ds.v6ns.test-ipv6.epic.network" />
	<target host="www4.test-ipv6.epic.network" />
	<target host="www6.test-ipv6.epic.network" />

	<target host="test-ipv6.se" />
	<target host="www.test-ipv6.se" />
	<target host="a.test-ipv6.se" />
	<target host="aaaa.test-ipv6.se" />
	<target host="ds.test-ipv6.se" />
	<target host="ipv4.test-ipv6.se" />
	<target host="ipv6.test-ipv6.se" />
	<target host="mtu1280.test-ipv6.se" />
	<target host="v4.test-ipv6.se" />
	<target host="v6.test-ipv6.se" />
	<target host="ds.v6ns.test-ipv6.se" />
	<target host="www4.test-ipv6.se" />
	<target host="www6.test-ipv6.se" />

	<target host="test-ipv6.alpinedc.ch" />
	<target host="www.test-ipv6.alpinedc.ch" />
	<target host="a.test-ipv6.alpinedc.ch" />
	<target host="aaaa.test-ipv6.alpinedc.ch" />
	<target host="ds.test-ipv6.alpinedc.ch" />
	<target host="ipv4.test-ipv6.alpinedc.ch" />
	<target host="ipv6.test-ipv6.alpinedc.ch" />
	<target host="mtu1280.test-ipv6.alpinedc.ch" />
	<target host="v4.test-ipv6.alpinedc.ch" />
	<target host="v6.test-ipv6.alpinedc.ch" />
	<target host="ds.v6ns.test-ipv6.alpinedc.ch" />
	<target host="www4.test-ipv6.alpinedc.ch" />
	<target host="www6.test-ipv6.alpinedc.ch" />

	<target host="test-ipv6.arauc.br" />
	<target host="www.test-ipv6.arauc.br" />
	<target host="a.test-ipv6.arauc.br" />
	<target host="aaaa.test-ipv6.arauc.br" />
	<target host="ds.test-ipv6.arauc.br" />
	<target host="ipv4.test-ipv6.arauc.br" />
	<target host="ipv6.test-ipv6.arauc.br" />
	<target host="mtu1280.test-ipv6.arauc.br" />
	<target host="v4.test-ipv6.arauc.br" />
	<target host="v6.test-ipv6.arauc.br" />
	<target host="ds.v6ns.test-ipv6.arauc.br" />
	<target host="www4.test-ipv6.arauc.br" />
	<target host="www6.test-ipv6.arauc.br" />

	<target host="test-ipv6.ke.liquidtelecom.net" />
	<target host="www.test-ipv6.ke.liquidtelecom.net" />
	<target host="a.test-ipv6.ke.liquidtelecom.net" />
	<target host="aaaa.test-ipv6.ke.liquidtelecom.net" />
	<target host="ds.test-ipv6.ke.liquidtelecom.net" />
	<target host="ipv4.test-ipv6.ke.liquidtelecom.net" />
	<target host="ipv6.test-ipv6.ke.liquidtelecom.net" />
	<target host="mtu1280.test-ipv6.ke.liquidtelecom.net" />
	<target host="v4.test-ipv6.ke.liquidtelecom.net" />
	<target host="v6.test-ipv6.ke.liquidtelecom.net" />
	<target host="ds.v6ns.test-ipv6.ke.liquidtelecom.net" />
	<target host="www4.test-ipv6.ke.liquidtelecom.net" />
	<target host="www6.test-ipv6.ke.liquidtelecom.net" />

	<target host="test-ipv6.fratec.net" />
	<target host="www.test-ipv6.fratec.net" />
	<target host="a.test-ipv6.fratec.net" />
	<target host="aaaa.test-ipv6.fratec.net" />
	<target host="ds.test-ipv6.fratec.net" />
	<target host="ipv4.test-ipv6.fratec.net" />
	<target host="ipv6.test-ipv6.fratec.net" />
	<target host="mtu1280.test-ipv6.fratec.net" />
	<target host="v4.test-ipv6.fratec.net" />
	<target host="v6.test-ipv6.fratec.net" />
	<target host="ds.v6ns.test-ipv6.fratec.net" />
	<target host="www4.test-ipv6.fratec.net" />
	<target host="www6.test-ipv6.fratec.net" />

	<securecookie host=".+" name=".+" />

	<rule from="^http:" to="https:" />
</ruleset>
