<!--
  Other Test-IPv6 rulesets:
    - Test-IPv6.jp.xml

	Problematic subdomains:
		- *.ds (mismatched, CN: vm1.test-ipv6.com)
		- a (mismatched, CN: vm1.test-ipv6.com)
 		- arauc (mismatched, CN: vm1.test-ipv6.com)
		- files (mismatched, CN: goat.gigo.com)
		- he (mismatched, CN: goat.gigo.com)
		- i18n (mismatched, CN: goat.gigo.com)
		- jp (mismatched, CN: test-ipv6.jp)
		- lookup (incomplete certificate chain)
		- ipv4.lookup (incomplete certificate chain)
		- us.lookup (incomplete certificate chain)
		- ipv4.us.lookup (incomplete certificate chain)
		- ds.master (mismatched, CN: vm1.test-ipv6.com)
		- wiki (mismatched, CN: goat.gigo.com)
-->

<ruleset name="Test-IPv6.com">
  <target host="test-ipv6.com" />
  <target host="www.test-ipv6.com" />
  <target host="ams.test-ipv6.com" />
  <target host="beta.test-ipv6.com" />
  <target host="ds.beta.test-ipv6.com" />
  <target host="ipv4.beta.test-ipv6.com" />
  <target host="mtu1280.beta.test-ipv6.com" />
  <target host="ds.v6ns.beta.test-ipv6.com" />
  <target host="br.test-ipv6.com" />
  <target host="ch.test-ipv6.com" />
  <target host="comcast.test-ipv6.com" />
  <target host="ds.test-ipv6.com" />
  <target host="files.test-ipv6.com" />
  <target host="gb.test-ipv6.com" />
  <target host="helpdesk.test-ipv6.com" />
  <target host="hk.test-ipv6.com" />
  <target host="ipv4.test-ipv6.com" />
  <target host="isp.test-ipv6.com" />
  <target host="jp.test-ipv6.com" />
  <target host="ke.test-ipv6.com" />
  <target host="master.test-ipv6.com" />
  <target host="ipv4.master.test-ipv6.com" />
  <target host="nl.test-ipv6.com" />
  <target host="ro.test-ipv6.com" />
  <target host="si.test-ipv6.com" />
  <target host="sg.test-ipv6.com" />
  <target host="uk.test-ipv6.com" />
  <target host="ds.v6ns.test-ipv6.com" />
  <target host="vm0.test-ipv6.com" />
  <target host="ds.vm0.test-ipv6.com" />
  <target host="ipv4.vm0.test-ipv6.com" />
  <target host="ds.v6ns.vm0.test-ipv6.com" />
  <target host="vm1.test-ipv6.com" />
  <target host="ds.vm1.test-ipv6.com" />
  <target host="ipv4.vm1.test-ipv6.com" />
  <target host="ds.v6ns.vm1.test-ipv6.com" />
  <target host="vm2.test-ipv6.com" />
  <target host="ds.vm2.test-ipv6.com" />
  <target host="ipv4.vm2.test-ipv6.com" />
  <target host="ds.v6ns.vm2.test-ipv6.com" />
  <target host="wiki.test-ipv6.com" />
  <target host="zw.test-ipv6.com" />

  <securecookie host=".+" name=".+" />

  <rule from="^http:" to="https:" />
  <rule from="^http://jp\.test-ipv6\.com/" to="https://test-ipv6.jp/" />
</ruleset>
