<!--
	Invalid certificate:
		badsig.dnssec.test-ipv6.cz

-->
<ruleset name="Test-IPv6.cz">

	<target host="test-ipv6.cz" />
	<target host="www.test-ipv6.cz" />
	<target host="a.test-ipv6.cz" />
	<target host="aaaa.test-ipv6.cz" />
	<target host="ds.test-ipv6.cz" />
	<target host="ipv4.test-ipv6.cz" />
	<target host="ipv6.test-ipv6.cz" />
	<target host="mtu1280.test-ipv6.cz" />
	<target host="v4.test-ipv6.cz" />
	<target host="v6.test-ipv6.cz" />
	<target host="ds.v6ns.test-ipv6.cz" />
	<target host="www4.test-ipv6.cz" />
	<target host="www6.test-ipv6.cz" />

	<securecookie host=".+" name=".+" />

	<rule from="^http:"
		to="https:" />

</ruleset>
