<!--
  Other Test-IPv6 rulesets:
    - Test-IPv6.com.xml

  www.test-ipv6.jp doesn't exist.
-->

<ruleset name="Test-IPv6.jp">
  <target host="test-ipv6.jp" />

  <securecookie host=".+" name=".+" />

  <rule from="^http:" to="https:" />
</ruleset>
