<!--
	For rules not causing false/broken MCB, see Test-IPv6.cz.xml.

-->
<ruleset name="Test-IPv6.cz (false MCB)" platform="mixedcontent">

	<target host="test-ipv6.cz" />
	<target host="www.test-ipv6.cz" />
		<!--
			Handled in Test-IPv6.cz.xml:
							-->
		<!--exclusion pattern="^http://(www\.)?test-ipv6\.cz/(\w+\.css|\w+\.js|images/|ipv6widget/|site/)" /-->


	<securecookie host="^(?:www\.)?test-ipv6\.cz$" name=".+" />


	<rule from="^http://(www\.)?test-ipv6\.cz/(?!\w+\.css|\w+\.js|images/|ipv6widget/|site/)"
		to="https://$1test-ipv6.cz/" />

</ruleset>